<?xml version="1.0" encoding="UTF-8"?>
<!-- Generated by org.testng.reporters.JUnitXMLReporter -->
<testsuite ignored="4" hostname="DESKTOP-ROLOOPG" failures="0" tests="1" name="Default test" time="4.837" errors="0" timestamp="2024-02-20T23:13:01 CST">
  <testcase classname="com.Salesforce.automationscripts.LoginAutomationScript" name="TC4BErrormsgWrongIdPassword" time="1.635"/>
  <testcase classname="com.Salesforce.automationscripts.LoginAutomationScript" name="TC3RememberCheckboxUsername" time="0.0">
    <ignored/>
  </testcase> <!-- TC3RememberCheckboxUsername -->
  <testcase classname="com.Salesforce.automationscripts.LoginAutomationScript" name="TC2HomepageDisplay" time="0.0">
    <ignored/>
  </testcase> <!-- TC2HomepageDisplay -->
  <testcase classname="com.Salesforce.automationscripts.LoginAutomationScript" name="TC4AForgotPassword" time="0.0">
    <ignored/>
  </testcase> <!-- TC4AForgotPassword -->
  <testcase classname="com.Salesforce.automationscripts.LoginAutomationScript" name="TC1ErrormsgEmptyPassword" time="0.0">
    <ignored/>
  </testcase> <!-- TC1ErrormsgEmptyPassword -->
</testsuite> <!-- Default test -->
