<?xml version="1.0" encoding="UTF-8"?>
<testng-results ignored="0" total="5" passed="5" failed="0" skipped="0">
  <reporter-output>
  </reporter-output>
  <suite started-at="2024-03-13T01:19:54 CDT" name="SFSuite" finished-at="2024-03-13T01:20:36 CDT" duration-ms="41375">
    <groups>
    </groups>
    <test started-at="2024-03-13T01:19:54 CDT" name="SFTest" finished-at="2024-03-13T01:20:36 CDT" duration-ms="41375">
      <class name="com.Salesforce.automationscripts.LoginAutomationScript">
        <test-method is-config="true" signature="SFBeforeMethod(java.lang.String)[pri:0, instance:com.Salesforce.automationscripts.LoginAutomationScript@63f8276e]" started-at="2024-03-13T01:19:55 CDT" name="SFBeforeMethod" finished-at="2024-03-13T01:19:59 CDT" duration-ms="4340" status="PASS">
          <params>
            <param index="0">
              <value>
                <![CDATA[chrome]]>
              </value>
            </param>
          </params>
          <reporter-output>
          </reporter-output>
        </test-method> <!-- SFBeforeMethod -->
        <test-method signature="TC1ErrormsgEmptyPassword()[pri:0, instance:com.Salesforce.automationscripts.LoginAutomationScript@63f8276e]" started-at="2024-03-13T01:19:59 CDT" name="TC1ErrormsgEmptyPassword" finished-at="2024-03-13T01:20:01 CDT" duration-ms="1951" status="PASS">
          <reporter-output>
          </reporter-output>
        </test-method> <!-- TC1ErrormsgEmptyPassword -->
        <test-method is-config="true" signature="SFAfterMethod()[pri:0, instance:com.Salesforce.automationscripts.LoginAutomationScript@63f8276e]" started-at="2024-03-13T01:20:01 CDT" name="SFAfterMethod" finished-at="2024-03-13T01:20:02 CDT" duration-ms="474" status="PASS">
          <reporter-output>
          </reporter-output>
        </test-method> <!-- SFAfterMethod -->
        <test-method is-config="true" signature="SFBeforeMethod(java.lang.String)[pri:0, instance:com.Salesforce.automationscripts.LoginAutomationScript@63f8276e]" started-at="2024-03-13T01:20:02 CDT" name="SFBeforeMethod" finished-at="2024-03-13T01:20:04 CDT" duration-ms="2399" status="PASS">
          <params>
            <param index="0">
              <value>
                <![CDATA[chrome]]>
              </value>
            </param>
          </params>
          <reporter-output>
          </reporter-output>
        </test-method> <!-- SFBeforeMethod -->
        <test-method signature="TC2HomepageDisplay()[pri:0, instance:com.Salesforce.automationscripts.LoginAutomationScript@63f8276e]" started-at="2024-03-13T01:20:04 CDT" name="TC2HomepageDisplay" finished-at="2024-03-13T01:20:15 CDT" duration-ms="11230" status="PASS">
          <reporter-output>
          </reporter-output>
        </test-method> <!-- TC2HomepageDisplay -->
        <test-method is-config="true" signature="SFAfterMethod()[pri:0, instance:com.Salesforce.automationscripts.LoginAutomationScript@63f8276e]" started-at="2024-03-13T01:20:15 CDT" name="SFAfterMethod" finished-at="2024-03-13T01:20:16 CDT" duration-ms="376" status="PASS">
          <reporter-output>
          </reporter-output>
        </test-method> <!-- SFAfterMethod -->
        <test-method is-config="true" signature="SFBeforeMethod(java.lang.String)[pri:0, instance:com.Salesforce.automationscripts.LoginAutomationScript@63f8276e]" started-at="2024-03-13T01:20:16 CDT" name="SFBeforeMethod" finished-at="2024-03-13T01:20:17 CDT" duration-ms="1706" status="PASS">
          <params>
            <param index="0">
              <value>
                <![CDATA[chrome]]>
              </value>
            </param>
          </params>
          <reporter-output>
          </reporter-output>
        </test-method> <!-- SFBeforeMethod -->
        <test-method signature="TC3RememberCheckboxUsername()[pri:0, instance:com.Salesforce.automationscripts.LoginAutomationScript@63f8276e]" started-at="2024-03-13T01:20:17 CDT" name="TC3RememberCheckboxUsername" finished-at="2024-03-13T01:20:26 CDT" duration-ms="8607" status="PASS">
          <reporter-output>
          </reporter-output>
        </test-method> <!-- TC3RememberCheckboxUsername -->
        <test-method is-config="true" signature="SFAfterMethod()[pri:0, instance:com.Salesforce.automationscripts.LoginAutomationScript@63f8276e]" started-at="2024-03-13T01:20:26 CDT" name="SFAfterMethod" finished-at="2024-03-13T01:20:26 CDT" duration-ms="371" status="PASS">
          <reporter-output>
          </reporter-output>
        </test-method> <!-- SFAfterMethod -->
        <test-method is-config="true" signature="SFBeforeMethod(java.lang.String)[pri:0, instance:com.Salesforce.automationscripts.LoginAutomationScript@63f8276e]" started-at="2024-03-13T01:20:26 CDT" name="SFBeforeMethod" finished-at="2024-03-13T01:20:28 CDT" duration-ms="2150" status="PASS">
          <params>
            <param index="0">
              <value>
                <![CDATA[chrome]]>
              </value>
            </param>
          </params>
          <reporter-output>
          </reporter-output>
        </test-method> <!-- SFBeforeMethod -->
        <test-method signature="TC4AForgotPassword()[pri:0, instance:com.Salesforce.automationscripts.LoginAutomationScript@63f8276e]" started-at="2024-03-13T01:20:28 CDT" name="TC4AForgotPassword" finished-at="2024-03-13T01:20:32 CDT" duration-ms="3349" status="PASS">
          <reporter-output>
          </reporter-output>
        </test-method> <!-- TC4AForgotPassword -->
        <test-method is-config="true" signature="SFAfterMethod()[pri:0, instance:com.Salesforce.automationscripts.LoginAutomationScript@63f8276e]" started-at="2024-03-13T01:20:32 CDT" name="SFAfterMethod" finished-at="2024-03-13T01:20:32 CDT" duration-ms="370" status="PASS">
          <reporter-output>
          </reporter-output>
        </test-method> <!-- SFAfterMethod -->
        <test-method is-config="true" signature="SFBeforeMethod(java.lang.String)[pri:0, instance:com.Salesforce.automationscripts.LoginAutomationScript@63f8276e]" started-at="2024-03-13T01:20:32 CDT" name="SFBeforeMethod" finished-at="2024-03-13T01:20:34 CDT" duration-ms="1923" status="PASS">
          <params>
            <param index="0">
              <value>
                <![CDATA[chrome]]>
              </value>
            </param>
          </params>
          <reporter-output>
          </reporter-output>
        </test-method> <!-- SFBeforeMethod -->
        <test-method signature="TC4BErrormsgWrongIdPassword()[pri:0, instance:com.Salesforce.automationscripts.LoginAutomationScript@63f8276e]" started-at="2024-03-13T01:20:34 CDT" name="TC4BErrormsgWrongIdPassword" finished-at="2024-03-13T01:20:35 CDT" duration-ms="1442" status="PASS">
          <reporter-output>
          </reporter-output>
        </test-method> <!-- TC4BErrormsgWrongIdPassword -->
        <test-method is-config="true" signature="SFAfterMethod()[pri:0, instance:com.Salesforce.automationscripts.LoginAutomationScript@63f8276e]" started-at="2024-03-13T01:20:35 CDT" name="SFAfterMethod" finished-at="2024-03-13T01:20:36 CDT" duration-ms="376" status="PASS">
          <reporter-output>
          </reporter-output>
        </test-method> <!-- SFAfterMethod -->
      </class> <!-- com.Salesforce.automationscripts.LoginAutomationScript -->
    </test> <!-- SFTest -->
  </suite> <!-- SFSuite -->
</testng-results>
