<?xml version="1.0" encoding="UTF-8"?>
<testng-results ignored="0" total="5" passed="5" failed="0" skipped="0">
  <reporter-output>
  </reporter-output>
  <suite started-at="2024-03-13T00:59:56 CDT" name="SFSuite" finished-at="2024-03-13T01:00:33 CDT" duration-ms="37543">
    <groups>
    </groups>
    <test started-at="2024-03-13T00:59:56 CDT" name="SFTest" finished-at="2024-03-13T01:00:33 CDT" duration-ms="37543">
      <class name="com.Salesforce.automationscripts.LoginAutomationScript">
        <test-method is-config="true" signature="SFBeforeMethod(java.lang.String)[pri:0, instance:com.Salesforce.automationscripts.LoginAutomationScript@555cf22]" started-at="2024-03-13T00:59:56 CDT" name="SFBeforeMethod" finished-at="2024-03-13T00:59:58 CDT" duration-ms="2393" status="PASS">
          <params>
            <param index="0">
              <value>
                <![CDATA[chrome]]>
              </value>
            </param>
          </params>
          <reporter-output>
          </reporter-output>
        </test-method> <!-- SFBeforeMethod -->
        <test-method signature="TC1ErrormsgEmptyPassword()[pri:0, instance:com.Salesforce.automationscripts.LoginAutomationScript@555cf22]" started-at="2024-03-13T00:59:58 CDT" name="TC1ErrormsgEmptyPassword" finished-at="2024-03-13T01:00:00 CDT" duration-ms="1704" status="PASS">
          <reporter-output>
          </reporter-output>
        </test-method> <!-- TC1ErrormsgEmptyPassword -->
        <test-method is-config="true" signature="SFAfterMethod()[pri:0, instance:com.Salesforce.automationscripts.LoginAutomationScript@555cf22]" started-at="2024-03-13T01:00:00 CDT" name="SFAfterMethod" finished-at="2024-03-13T01:00:00 CDT" duration-ms="318" status="PASS">
          <reporter-output>
          </reporter-output>
        </test-method> <!-- SFAfterMethod -->
        <test-method is-config="true" signature="SFBeforeMethod(java.lang.String)[pri:0, instance:com.Salesforce.automationscripts.LoginAutomationScript@555cf22]" started-at="2024-03-13T01:00:00 CDT" name="SFBeforeMethod" finished-at="2024-03-13T01:00:02 CDT" duration-ms="2105" status="PASS">
          <params>
            <param index="0">
              <value>
                <![CDATA[chrome]]>
              </value>
            </param>
          </params>
          <reporter-output>
          </reporter-output>
        </test-method> <!-- SFBeforeMethod -->
        <test-method signature="TC2HomepageDisplay()[pri:0, instance:com.Salesforce.automationscripts.LoginAutomationScript@555cf22]" started-at="2024-03-13T01:00:02 CDT" name="TC2HomepageDisplay" finished-at="2024-03-13T01:00:13 CDT" duration-ms="10542" status="PASS">
          <reporter-output>
          </reporter-output>
        </test-method> <!-- TC2HomepageDisplay -->
        <test-method is-config="true" signature="SFAfterMethod()[pri:0, instance:com.Salesforce.automationscripts.LoginAutomationScript@555cf22]" started-at="2024-03-13T01:00:13 CDT" name="SFAfterMethod" finished-at="2024-03-13T01:00:13 CDT" duration-ms="371" status="PASS">
          <reporter-output>
          </reporter-output>
        </test-method> <!-- SFAfterMethod -->
        <test-method is-config="true" signature="SFBeforeMethod(java.lang.String)[pri:0, instance:com.Salesforce.automationscripts.LoginAutomationScript@555cf22]" started-at="2024-03-13T01:00:13 CDT" name="SFBeforeMethod" finished-at="2024-03-13T01:00:15 CDT" duration-ms="1986" status="PASS">
          <params>
            <param index="0">
              <value>
                <![CDATA[chrome]]>
              </value>
            </param>
          </params>
          <reporter-output>
          </reporter-output>
        </test-method> <!-- SFBeforeMethod -->
        <test-method signature="TC3RememberCheckboxUsername()[pri:0, instance:com.Salesforce.automationscripts.LoginAutomationScript@555cf22]" started-at="2024-03-13T01:00:15 CDT" name="TC3RememberCheckboxUsername" finished-at="2024-03-13T01:00:24 CDT" duration-ms="9138" status="PASS">
          <reporter-output>
          </reporter-output>
        </test-method> <!-- TC3RememberCheckboxUsername -->
        <test-method is-config="true" signature="SFAfterMethod()[pri:0, instance:com.Salesforce.automationscripts.LoginAutomationScript@555cf22]" started-at="2024-03-13T01:00:24 CDT" name="SFAfterMethod" finished-at="2024-03-13T01:00:25 CDT" duration-ms="429" status="PASS">
          <reporter-output>
          </reporter-output>
        </test-method> <!-- SFAfterMethod -->
        <test-method is-config="true" signature="SFBeforeMethod(java.lang.String)[pri:0, instance:com.Salesforce.automationscripts.LoginAutomationScript@555cf22]" started-at="2024-03-13T01:00:25 CDT" name="SFBeforeMethod" finished-at="2024-03-13T01:00:27 CDT" duration-ms="2043" status="PASS">
          <params>
            <param index="0">
              <value>
                <![CDATA[chrome]]>
              </value>
            </param>
          </params>
          <reporter-output>
          </reporter-output>
        </test-method> <!-- SFBeforeMethod -->
        <test-method signature="TC4AForgotPassword()[pri:0, instance:com.Salesforce.automationscripts.LoginAutomationScript@555cf22]" started-at="2024-03-13T01:00:27 CDT" name="TC4AForgotPassword" finished-at="2024-03-13T01:00:29 CDT" duration-ms="2158" status="PASS">
          <reporter-output>
          </reporter-output>
        </test-method> <!-- TC4AForgotPassword -->
        <test-method is-config="true" signature="SFAfterMethod()[pri:0, instance:com.Salesforce.automationscripts.LoginAutomationScript@555cf22]" started-at="2024-03-13T01:00:29 CDT" name="SFAfterMethod" finished-at="2024-03-13T01:00:29 CDT" duration-ms="338" status="PASS">
          <reporter-output>
          </reporter-output>
        </test-method> <!-- SFAfterMethod -->
        <test-method is-config="true" signature="SFBeforeMethod(java.lang.String)[pri:0, instance:com.Salesforce.automationscripts.LoginAutomationScript@555cf22]" started-at="2024-03-13T01:00:29 CDT" name="SFBeforeMethod" finished-at="2024-03-13T01:00:31 CDT" duration-ms="1709" status="PASS">
          <params>
            <param index="0">
              <value>
                <![CDATA[chrome]]>
              </value>
            </param>
          </params>
          <reporter-output>
          </reporter-output>
        </test-method> <!-- SFBeforeMethod -->
        <test-method signature="TC4BErrormsgWrongIdPassword()[pri:0, instance:com.Salesforce.automationscripts.LoginAutomationScript@555cf22]" started-at="2024-03-13T01:00:31 CDT" name="TC4BErrormsgWrongIdPassword" finished-at="2024-03-13T01:00:33 CDT" duration-ms="1670" status="PASS">
          <reporter-output>
          </reporter-output>
        </test-method> <!-- TC4BErrormsgWrongIdPassword -->
        <test-method is-config="true" signature="SFAfterMethod()[pri:0, instance:com.Salesforce.automationscripts.LoginAutomationScript@555cf22]" started-at="2024-03-13T01:00:33 CDT" name="SFAfterMethod" finished-at="2024-03-13T01:00:33 CDT" duration-ms="412" status="PASS">
          <reporter-output>
          </reporter-output>
        </test-method> <!-- SFAfterMethod -->
      </class> <!-- com.Salesforce.automationscripts.LoginAutomationScript -->
    </test> <!-- SFTest -->
  </suite> <!-- SFSuite -->
</testng-results>
