<?xml version="1.0" encoding="UTF-8"?>
<!-- Generated by org.testng.reporters.JUnitXMLReporter -->
<testsuite ignored="0" hostname="DESKTOP-ROLOOPG" failures="0" tests="5" name="SFTest" time="41.375" errors="0" timestamp="2024-03-13T01:20:36 CDT">
  <testcase classname="com.Salesforce.automationscripts.LoginAutomationScript" name="TC1ErrormsgEmptyPassword" time="1.951"/>
  <testcase classname="com.Salesforce.automationscripts.LoginAutomationScript" name="TC2HomepageDisplay" time="11.23"/>
  <testcase classname="com.Salesforce.automationscripts.LoginAutomationScript" name="TC3RememberCheckboxUsername" time="8.607"/>
  <testcase classname="com.Salesforce.automationscripts.LoginAutomationScript" name="TC4AForgotPassword" time="3.349"/>
  <testcase classname="com.Salesforce.automationscripts.LoginAutomationScript" name="TC4BErrormsgWrongIdPassword" time="1.442"/>
</testsuite> <!-- SFTest -->
