<?xml version="1.0" encoding="UTF-8"?>
<!-- Generated by org.testng.reporters.JUnitXMLReporter -->
<testsuite ignored="0" hostname="DESKTOP-ROLOOPG" failures="0" tests="5" name="SFTest" time="37.543" errors="0" timestamp="2024-03-13T01:00:33 CDT">
  <testcase classname="com.Salesforce.automationscripts.LoginAutomationScript" name="TC1ErrormsgEmptyPassword" time="1.704"/>
  <testcase classname="com.Salesforce.automationscripts.LoginAutomationScript" name="TC2HomepageDisplay" time="10.542"/>
  <testcase classname="com.Salesforce.automationscripts.LoginAutomationScript" name="TC3RememberCheckboxUsername" time="9.138"/>
  <testcase classname="com.Salesforce.automationscripts.LoginAutomationScript" name="TC4AForgotPassword" time="2.158"/>
  <testcase classname="com.Salesforce.automationscripts.LoginAutomationScript" name="TC4BErrormsgWrongIdPassword" time="1.67"/>
</testsuite> <!-- SFTest -->
