<?xml version="1.0" encoding="UTF-8"?>
<!-- Generated by org.testng.reporters.JUnitXMLReporter -->
<testsuite ignored="0" hostname="DESKTOP-ROLOOPG" failures="0" tests="5" name="SFTest" time="1.755" errors="0" timestamp="2024-07-24T08:28:21 CDT">
  <testcase classname="com.Salesforce.base.BaseTest" name="@BeforeMethod SFBeforeMethod" time="1.225">
    <failure type="io.github.bonigarcia.wdm.config.WebDriverManagerException" message="java.lang.NumberFormatException: For input string: &amp;quot;public&amp;quot;">
      <![CDATA[io.github.bonigarcia.wdm.config.WebDriverManagerException: java.lang.NumberFormatException: For input string: "public"
at io.github.bonigarcia.wdm.WebDriverManager.handleException(WebDriverManager.java:1445)
at io.github.bonigarcia.wdm.WebDriverManager.manage(WebDriverManager.java:1205)
at io.github.bonigarcia.wdm.WebDriverManager.fallback(WebDriverManager.java:1461)
at io.github.bonigarcia.wdm.WebDriverManager.handleException(WebDriverManager.java:1442)
at io.github.bonigarcia.wdm.WebDriverManager.manage(WebDriverManager.java:1205)
at io.github.bonigarcia.wdm.WebDriverManager.handleException(WebDriverManager.java:1435)
at io.github.bonigarcia.wdm.WebDriverManager.manage(WebDriverManager.java:1205)
at io.github.bonigarcia.wdm.WebDriverManager.setup(WebDriverManager.java:427)
at com.Salesforce.base.BaseTest.launchBrowser(BaseTest.java:79)
at com.Salesforce.base.BaseTest.SFBeforeMethod(BaseTest.java:46)
at java.base/java.util.concurrent.ThreadPoolExecutor.runWorker(ThreadPoolExecutor.java:1136)
at java.base/java.util.concurrent.ThreadPoolExecutor$Worker.run(ThreadPoolExecutor.java:635)
at java.base/java.lang.Thread.run(Thread.java:842)
Caused by: java.lang.NumberFormatException: For input string: "public"
at java.base/java.lang.NumberFormatException.forInputString(NumberFormatException.java:67)
at java.base/java.lang.Integer.parseInt(Integer.java:668)
at java.base/java.lang.Integer.parseInt(Integer.java:786)
at io.github.bonigarcia.wdm.managers.ChromeDriverManager.buildUrl(ChromeDriverManager.java:178)
at io.github.bonigarcia.wdm.managers.ChromeDriverManager.buildUrl(ChromeDriverManager.java:155)
at io.github.bonigarcia.wdm.WebDriverManager.download(WebDriverManager.java:1282)
at io.github.bonigarcia.wdm.WebDriverManager.manage(WebDriverManager.java:1199)
... 27 more
... Removed 16 stack frames]]>
    </failure>
  </testcase> <!-- @BeforeMethod SFBeforeMethod -->
  <testcase classname="com.Salesforce.base.BaseTest" name="@BeforeMethod SFBeforeMethod" time="1.224">
    <failure type="io.github.bonigarcia.wdm.config.WebDriverManagerException" message="java.lang.NumberFormatException: For input string: &amp;quot;public&amp;quot;">
      <![CDATA[io.github.bonigarcia.wdm.config.WebDriverManagerException: java.lang.NumberFormatException: For input string: "public"
at io.github.bonigarcia.wdm.WebDriverManager.handleException(WebDriverManager.java:1445)
at io.github.bonigarcia.wdm.WebDriverManager.manage(WebDriverManager.java:1205)
at io.github.bonigarcia.wdm.WebDriverManager.fallback(WebDriverManager.java:1461)
at io.github.bonigarcia.wdm.WebDriverManager.handleException(WebDriverManager.java:1442)
at io.github.bonigarcia.wdm.WebDriverManager.manage(WebDriverManager.java:1205)
at io.github.bonigarcia.wdm.WebDriverManager.handleException(WebDriverManager.java:1435)
at io.github.bonigarcia.wdm.WebDriverManager.manage(WebDriverManager.java:1205)
at io.github.bonigarcia.wdm.WebDriverManager.setup(WebDriverManager.java:427)
at com.Salesforce.base.BaseTest.launchBrowser(BaseTest.java:79)
at com.Salesforce.base.BaseTest.SFBeforeMethod(BaseTest.java:46)
at java.base/java.util.concurrent.ThreadPoolExecutor.runWorker(ThreadPoolExecutor.java:1136)
at java.base/java.util.concurrent.ThreadPoolExecutor$Worker.run(ThreadPoolExecutor.java:635)
at java.base/java.lang.Thread.run(Thread.java:842)
Caused by: java.lang.NumberFormatException: For input string: "public"
at java.base/java.lang.NumberFormatException.forInputString(NumberFormatException.java:67)
at java.base/java.lang.Integer.parseInt(Integer.java:668)
at java.base/java.lang.Integer.parseInt(Integer.java:786)
at io.github.bonigarcia.wdm.managers.ChromeDriverManager.buildUrl(ChromeDriverManager.java:178)
at io.github.bonigarcia.wdm.managers.ChromeDriverManager.buildUrl(ChromeDriverManager.java:155)
at io.github.bonigarcia.wdm.WebDriverManager.download(WebDriverManager.java:1282)
at io.github.bonigarcia.wdm.WebDriverManager.manage(WebDriverManager.java:1199)
... 27 more
... Removed 16 stack frames]]>
    </failure>
  </testcase> <!-- @BeforeMethod SFBeforeMethod -->
  <testcase classname="com.Salesforce.base.BaseTest" name="@AfterMethod SFAfterMethod" time="0.0">
    <skipped/>
  </testcase> <!-- @AfterMethod SFAfterMethod -->
  <testcase classname="com.Salesforce.base.BaseTest" name="@AfterMethod SFAfterMethod" time="0.0">
    <skipped/>
  </testcase> <!-- @AfterMethod SFAfterMethod -->
  <testcase classname="com.Salesforce.base.BaseTest" name="@BeforeMethod SFBeforeMethod" time="0.0">
    <skipped/>
  </testcase> <!-- @BeforeMethod SFBeforeMethod -->
  <testcase classname="com.Salesforce.base.BaseTest" name="@AfterMethod SFAfterMethod" time="0.0">
    <skipped/>
  </testcase> <!-- @AfterMethod SFAfterMethod -->
  <testcase classname="com.Salesforce.base.BaseTest" name="@BeforeMethod SFBeforeMethod" time="0.0">
    <skipped/>
  </testcase> <!-- @BeforeMethod SFBeforeMethod -->
  <testcase classname="com.Salesforce.base.BaseTest" name="@BeforeMethod SFBeforeMethod" time="0.0">
    <skipped/>
  </testcase> <!-- @BeforeMethod SFBeforeMethod -->
  <testcase classname="com.Salesforce.base.BaseTest" name="@AfterMethod SFAfterMethod" time="0.0">
    <skipped/>
  </testcase> <!-- @AfterMethod SFAfterMethod -->
  <testcase classname="com.Salesforce.base.BaseTest" name="@AfterMethod SFAfterMethod" time="0.0">
    <skipped/>
  </testcase> <!-- @AfterMethod SFAfterMethod -->
  <testcase classname="com.Salesforce.automationscripts.LoginAutomationScript" name="TC2HomepageDisplay" time="0.0">
    <skipped/>
  </testcase> <!-- TC2HomepageDisplay -->
  <testcase classname="com.Salesforce.automationscripts.LoginAutomationScript" name="TC1ErrormsgEmptyPassword" time="0.0">
    <skipped/>
  </testcase> <!-- TC1ErrormsgEmptyPassword -->
  <testcase classname="com.Salesforce.automationscripts.LoginAutomationScript" name="TC4AForgotPassword" time="0.0">
    <skipped/>
  </testcase> <!-- TC4AForgotPassword -->
  <testcase classname="com.Salesforce.automationscripts.LoginAutomationScript" name="TC4BErrormsgWrongIdPassword" time="0.0">
    <skipped/>
  </testcase> <!-- TC4BErrormsgWrongIdPassword -->
  <testcase classname="com.Salesforce.automationscripts.LoginAutomationScript" name="TC3RememberCheckboxUsername" time="0.002">
    <skipped/>
  </testcase> <!-- TC3RememberCheckboxUsername -->
</testsuite> <!-- SFTest -->
